<?xml version="1.0" encoding="UTF-8"?>
<!-- Generated by org.testng.reporters.JUnitReportReporter -->
<testsuite hostname="Sarikas-MacBook-Pro.local" name="quickseries.testcases.ContactUsScenarios" tests="2" failures="0" timestamp="10 Jun 2020 04:26:30 GMT" time="8.054" errors="0">
  <testcase name="TC_01_Display_Validation_Errors" time="6.599" classname="quickseries.testcases.ContactUsScenarios"/>
  <testcase name="verifyPage" time="1.455" classname="quickseries.testcases.ContactUsScenarios"/>
</testsuite> <!-- quickseries.testcases.ContactUsScenarios -->
